<?xml version="1.0" encoding="UTF-8"?>
<!-- Generated by org.testng.reporters.JUnitXMLReporter -->
<testsuite ignored="0" hostname="LAPTOP-U0UME3N7" failures="2" tests="6" name="Test" time="0.181" errors="0" timestamp="2022-06-28T14:30:37 IST">
  <testcase classname="com.testnglistener.Testclass" name="testcsr2" time="0.037">
    <failure type="java.lang.AssertionError" message="expected [true] but found [false]">
      <![CDATA[java.lang.AssertionError: expected [true] but found [false]
at com.testnglistener.Testclass.testcsr2(Testclass.java:20)
at java.base/java.util.ArrayList.forEach(ArrayList.java:1511)
... Removed 29 stack frames]]>
    </failure>
  </testcase> <!-- testcsr2 -->
  <testcase classname="com.testnglistener.Testclass" name="testcsr1" time="0.003"/>
  <testcase classname="com.testnglistener.Testclass" name="testcsr3" time="0.0">
    <skipped/>
  </testcase> <!-- testcsr3 -->
  <testcase classname="com.testnglistener.Testclass1" name="testcsr4" time="0.003"/>
  <testcase classname="com.testnglistener.Testclass1" name="testcsr5" time="0.005">
    <failure type="java.lang.AssertionError" message="expected [true] but found [false]">
      <![CDATA[java.lang.AssertionError: expected [true] but found [false]
at com.testnglistener.Testclass1.testcsr5(Testclass1.java:16)
at java.base/java.util.ArrayList.forEach(ArrayList.java:1511)
... Removed 29 stack frames]]>
    </failure>
  </testcase> <!-- testcsr5 -->
  <testcase classname="com.testnglistener.Testclass1" name="testcsr6" time="0.0">
    <skipped/>
  </testcase> <!-- testcsr6 -->
</testsuite> <!-- Test -->
