<?xml version="1.0" encoding="UTF-8"?>
<!-- Generated by org.testng.reporters.JUnitXMLReporter -->
<testsuite ignored="1" hostname="LAPTOP-U0UME3N7" failures="0" tests="2" name="Test" time="0.095" errors="0" timestamp="2022-06-26T21:25:34 IST">
  <testcase classname="beforegroup.c1" name="testcase2" time="0.012"/>
  <testcase classname="beforegroup.c1" name="testcase3" time="0.002"/>
  <testcase classname="beforegroup.c1" name="testcase1" time="0.0">
    <ignored/>
  </testcase> <!-- testcase1 -->
</testsuite> <!-- Test -->
