<?xml version="1.0" encoding="UTF-8"?>
<!-- Generated by org.testng.reporters.JUnitXMLReporter -->
<testsuite ignored="0" hostname="LAPTOP-U0UME3N7" failures="0" tests="4" name="GRP-registration" time="0.121" errors="0" timestamp="2022-06-18T18:07:22 IST">
  <testcase classname="sel1.logintest" name="Typing" time="0.017"/>
  <testcase classname="sel1.logintest" name="logintest" time="0.002"/>
  <testcase classname="sel1.logintest" name="Searching" time="0.002"/>
  <testcase classname="sel1.logintest" name="logouttest" time="0.003"/>
</testsuite> <!-- GRP-registration -->
