<?xml version="1.0" encoding="UTF-8"?>
<!-- Generated by org.testng.reporters.JUnitXMLReporter -->
<testsuite ignored="6" hostname="LAPTOP-U0UME3N7" failures="0" tests="3" name="SmokeTest" time="0.1" errors="0" timestamp="2022-06-25T18:15:50 IST">
  <testcase classname="seleniumpractisegroups.Homeloan" name="MobileLoginHomeLoan" time="0.019"/>
  <testcase classname="seleniumpractisegroups.carloan" name="WebLoginPersonalLoan" time="0.003"/>
  <testcase classname="seleniumpractisegroups.eduloan" name="APILogineduLoan" time="0.007"/>
  <testcase classname="seleniumpractisegroups.carloan" name="MobileLoginPersonalLoan" time="0.0">
    <ignored/>
  </testcase> <!-- MobileLoginPersonalLoan -->
  <testcase classname="seleniumpractisegroups.eduloan" name="MobileLogineduLoan" time="0.0">
    <ignored/>
  </testcase> <!-- MobileLogineduLoan -->
  <testcase classname="seleniumpractisegroups.eduloan" name="WebLogineduLoan" time="0.0">
    <ignored/>
  </testcase> <!-- WebLogineduLoan -->
  <testcase classname="seleniumpractisegroups.Homeloan" name="APILoginHomeLoan" time="0.0">
    <ignored/>
  </testcase> <!-- APILoginHomeLoan -->
  <testcase classname="seleniumpractisegroups.carloan" name="APILoginPersonalLoan" time="0.0">
    <ignored/>
  </testcase> <!-- APILoginPersonalLoan -->
  <testcase classname="seleniumpractisegroups.Homeloan" name="WebLoginHomeLoan" time="0.0">
    <ignored/>
  </testcase> <!-- WebLoginHomeLoan -->
</testsuite> <!-- SmokeTest -->
